{"C:\\Users\\omara\\OneDrive\\Escritorio\\typescript\\curso\\almacen\\server\\src\\server.ts": {"path":"C:\\Users\\omara\\OneDrive\\Escritorio\\typescript\\curso\\almacen\\server\\src\\server.ts","statementMap":{"0":{"start":{"line":7,"column":0},"end":{"line":7,"column":7}},"1":{"start":{"line":1,"column":0},"end":{"line":1,"column":30}},"2":{"start":{"line":2,"column":0},"end":{"line":2,"column":52}},"3":{"start":{"line":3,"column":0},"end":{"line":3,"column":29}},"4":{"start":{"line":4,"column":0},"end":{"line":4,"column":28}},"5":{"start":{"line":5,"column":15},"end":{"line":5,"column":24}},"6":{"start":{"line":8,"column":4},"end":{"line":15,"column":5}},"7":{"start":{"line":9,"column":8},"end":{"line":9,"column":32}},"8":{"start":{"line":11,"column":8},"end":{"line":11,"column":18}},"9":{"start":{"line":14,"column":8},"end":{"line":14,"column":83}},"10":{"start":{"line":17,"column":0},"end":{"line":17,"column":10}},"11":{"start":{"line":18,"column":0},"end":{"line":18,"column":27}},"12":{"start":{"line":19,"column":0},"end":{"line":19,"column":44}},"13":{"start":{"line":20,"column":0},"end":{"line":23,"column":2}},"14":{"start":{"line":21,"column":4},"end":{"line":21,"column":72}},"15":{"start":{"line":24,"column":0},"end":{"line":24,"column":22}}},"fnMap":{"0":{"name":"connect","decl":{"start":{"line":7,"column":22},"end":{"line":7,"column":29}},"loc":{"start":{"line":7,"column":29},"end":{"line":16,"column":1}}},"1":{"name":"(anonymous_2)","decl":{"start":{"line":20,"column":19},"end":{"line":20,"column":20}},"loc":{"start":{"line":20,"column":32},"end":{"line":22,"column":1}}}},"branchMap":{},"s":{"0":2,"1":2,"2":2,"3":2,"4":2,"5":2,"6":3,"7":3,"8":2,"9":1,"10":2,"11":2,"12":2,"13":2,"14":1,"15":2},"f":{"0":3,"1":1},"b":{}}
,"C:\\Users\\omara\\OneDrive\\Escritorio\\typescript\\curso\\almacen\\server\\src\\config\\db.ts": {"path":"C:\\Users\\omara\\OneDrive\\Escritorio\\typescript\\curso\\almacen\\server\\src\\config\\db.ts","statementMap":{"0":{"start":{"line":1,"column":0},"end":{"line":1,"column":49}},"1":{"start":{"line":2,"column":0},"end":{"line":2,"column":28}},"2":{"start":{"line":3,"column":0},"end":{"line":3,"column":41}},"3":{"start":{"line":4,"column":0},"end":{"line":4,"column":16}},"4":{"start":{"line":5,"column":11},"end":{"line":8,"column":2}},"5":{"start":{"line":9,"column":0},"end":{"line":9,"column":18}}},"fnMap":{},"branchMap":{},"s":{"0":2,"1":2,"2":2,"3":2,"4":2,"5":2},"f":{},"b":{}}
,"C:\\Users\\omara\\OneDrive\\Escritorio\\typescript\\curso\\almacen\\server\\src\\controllers\\productsController.ts": {"path":"C:\\Users\\omara\\OneDrive\\Escritorio\\typescript\\curso\\almacen\\server\\src\\controllers\\productsController.ts","statementMap":{"0":{"start":{"line":2,"column":0},"end":{"line":2,"column":41}},"1":{"start":{"line":7,"column":25},"end":{"line":39,"column":3}},"2":{"start":{"line":8,"column":4},"end":{"line":37,"column":5}},"3":{"start":{"line":10,"column":29},"end":{"line":10,"column":37}},"4":{"start":{"line":12,"column":2},"end":{"line":12,"column":47}},"5":{"start":{"line":15,"column":20},"end":{"line":15,"column":81}},"6":{"start":{"line":16,"column":4},"end":{"line":16,"column":25}},"7":{"start":{"line":17,"column":4},"end":{"line":30,"column":9}},"8":{"start":{"line":18,"column":8},"end":{"line":18,"column":110}},"9":{"start":{"line":19,"column":8},"end":{"line":19,"column":15}},"10":{"start":{"line":23,"column":12},"end":{"line":23,"column":38}},"11":{"start":{"line":26,"column":29},"end":{"line":26,"column":64}},"12":{"start":{"line":29,"column":8},"end":{"line":29,"column":92}},"13":{"start":{"line":36,"column":8},"end":{"line":36,"column":98}},"14":{"start":{"line":124,"column":4},"end":{"line":124,"column":18}},"15":{"start":{"line":43,"column":20},"end":{"line":48,"column":1}},"16":{"start":{"line":44,"column":21},"end":{"line":46,"column":6}},"17":{"start":{"line":47,"column":4},"end":{"line":47,"column":87}},"18":{"start":{"line":125,"column":4},"end":{"line":125,"column":15}},"19":{"start":{"line":50,"column":20},"end":{"line":60,"column":1}},"20":{"start":{"line":52,"column":21},"end":{"line":52,"column":31}},"21":{"start":{"line":53,"column":20},"end":{"line":53,"column":46}},"22":{"start":{"line":54,"column":4},"end":{"line":57,"column":5}},"23":{"start":{"line":55,"column":8},"end":{"line":55,"column":100}},"24":{"start":{"line":56,"column":8},"end":{"line":56,"column":15}},"25":{"start":{"line":58,"column":4},"end":{"line":58,"column":85}},"26":{"start":{"line":126,"column":4},"end":{"line":126,"column":15}},"27":{"start":{"line":62,"column":22},"end":{"line":97,"column":2}},"28":{"start":{"line":63,"column":4},"end":{"line":96,"column":5}},"29":{"start":{"line":65,"column":23},"end":{"line":65,"column":33}},"30":{"start":{"line":68,"column":32},"end":{"line":68,"column":40}},"31":{"start":{"line":72,"column":8},"end":{"line":72,"column":53}},"32":{"start":{"line":75,"column":24},"end":{"line":75,"column":50}},"33":{"start":{"line":76,"column":8},"end":{"line":79,"column":9}},"34":{"start":{"line":77,"column":12},"end":{"line":77,"column":104}},"35":{"start":{"line":78,"column":12},"end":{"line":78,"column":19}},"36":{"start":{"line":82,"column":8},"end":{"line":82,"column":42}},"37":{"start":{"line":85,"column":28},"end":{"line":85,"column":45}},"38":{"start":{"line":88,"column":8},"end":{"line":88,"column":36}},"39":{"start":{"line":91,"column":29},"end":{"line":91,"column":49}},"40":{"start":{"line":93,"column":8},"end":{"line":93,"column":92}},"41":{"start":{"line":95,"column":8},"end":{"line":95,"column":98}},"42":{"start":{"line":127,"column":4},"end":{"line":127,"column":17}},"43":{"start":{"line":100,"column":22},"end":{"line":121,"column":1}},"44":{"start":{"line":101,"column":4},"end":{"line":120,"column":5}},"45":{"start":{"line":103,"column":23},"end":{"line":103,"column":33}},"46":{"start":{"line":106,"column":24},"end":{"line":106,"column":50}},"47":{"start":{"line":108,"column":8},"end":{"line":111,"column":9}},"48":{"start":{"line":109,"column":12},"end":{"line":109,"column":104}},"49":{"start":{"line":110,"column":12},"end":{"line":110,"column":19}},"50":{"start":{"line":114,"column":9},"end":{"line":114,"column":37}},"51":{"start":{"line":115,"column":8},"end":{"line":115,"column":29}},"52":{"start":{"line":117,"column":8},"end":{"line":117,"column":97}},"53":{"start":{"line":119,"column":8},"end":{"line":119,"column":98}},"54":{"start":{"line":128,"column":4},"end":{"line":128,"column":17}}},"fnMap":{"0":{"name":"(anonymous_1)","decl":{"start":{"line":7,"column":25},"end":{"line":7,"column":30}},"loc":{"start":{"line":7,"column":78},"end":{"line":39,"column":3}}},"1":{"name":"(anonymous_2)","decl":{"start":{"line":43,"column":20},"end":{"line":43,"column":25}},"loc":{"start":{"line":43,"column":58},"end":{"line":48,"column":1}}},"2":{"name":"(anonymous_3)","decl":{"start":{"line":50,"column":20},"end":{"line":50,"column":25}},"loc":{"start":{"line":50,"column":58},"end":{"line":60,"column":1}}},"3":{"name":"(anonymous_4)","decl":{"start":{"line":62,"column":22},"end":{"line":62,"column":27}},"loc":{"start":{"line":62,"column":60},"end":{"line":97,"column":2}}},"4":{"name":"(anonymous_5)","decl":{"start":{"line":100,"column":22},"end":{"line":100,"column":27}},"loc":{"start":{"line":100,"column":60},"end":{"line":121,"column":1}}}},"branchMap":{"0":{"loc":{"start":{"line":17,"column":4},"end":{"line":30,"column":9}},"type":"if","locations":[{"start":{"line":17,"column":4},"end":{"line":30,"column":9}},{"start":{"line":20,"column":9},"end":{"line":30,"column":9}}]},"1":{"loc":{"start":{"line":54,"column":4},"end":{"line":57,"column":5}},"type":"if","locations":[{"start":{"line":54,"column":4},"end":{"line":57,"column":5}}]},"2":{"loc":{"start":{"line":76,"column":8},"end":{"line":79,"column":9}},"type":"if","locations":[{"start":{"line":76,"column":8},"end":{"line":79,"column":9}}]},"3":{"loc":{"start":{"line":108,"column":8},"end":{"line":111,"column":9}},"type":"if","locations":[{"start":{"line":108,"column":8},"end":{"line":111,"column":9}}]}},"s":{"0":2,"1":2,"2":3,"3":3,"4":3,"5":3,"6":2,"7":2,"8":1,"9":1,"10":1,"11":1,"12":1,"13":1,"14":2,"15":2,"16":1,"17":1,"18":2,"19":2,"20":2,"21":2,"22":2,"23":1,"24":1,"25":1,"26":2,"27":2,"28":3,"29":3,"30":3,"31":3,"32":3,"33":3,"34":1,"35":1,"36":2,"37":1,"38":1,"39":1,"40":1,"41":1,"42":2,"43":2,"44":2,"45":2,"46":2,"47":2,"48":1,"49":1,"50":1,"51":1,"52":1,"53":0,"54":2},"f":{"0":3,"1":1,"2":2,"3":3,"4":2},"b":{"0":[1,1],"1":[1],"2":[1],"3":[1]}}
,"C:\\Users\\omara\\OneDrive\\Escritorio\\typescript\\curso\\almacen\\server\\src\\middleware\\index.ts": {"path":"C:\\Users\\omara\\OneDrive\\Escritorio\\typescript\\curso\\almacen\\server\\src\\middleware\\index.ts","statementMap":{"0":{"start":{"line":1,"column":0},"end":{"line":1,"column":53}},"1":{"start":{"line":3,"column":33},"end":{"line":10,"column":1}},"2":{"start":{"line":4,"column":19},"end":{"line":4,"column":40}},"3":{"start":{"line":5,"column":4},"end":{"line":8,"column":5}},"4":{"start":{"line":6,"column":8},"end":{"line":6,"column":97}},"5":{"start":{"line":7,"column":8},"end":{"line":7,"column":15}},"6":{"start":{"line":9,"column":4},"end":{"line":9,"column":11}},"7":{"start":{"line":3,"column":13},"end":{"line":3,"column":33}}},"fnMap":{"0":{"name":"(anonymous_0)","decl":{"start":{"line":3,"column":33},"end":{"line":3,"column":34}},"loc":{"start":{"line":3,"column":86},"end":{"line":10,"column":1}}}},"branchMap":{"0":{"loc":{"start":{"line":5,"column":4},"end":{"line":8,"column":5}},"type":"if","locations":[{"start":{"line":5,"column":4},"end":{"line":8,"column":5}}]}},"s":{"0":2,"1":2,"2":18,"3":18,"4":5,"5":5,"6":13,"7":2},"f":{"0":18},"b":{"0":[5]}}
,"C:\\Users\\omara\\OneDrive\\Escritorio\\typescript\\curso\\almacen\\server\\src\\models\\Products.ts": {"path":"C:\\Users\\omara\\OneDrive\\Escritorio\\typescript\\curso\\almacen\\server\\src\\models\\Products.ts","statementMap":{"0":{"start":{"line":1,"column":0},"end":{"line":1,"column":79}},"1":{"start":{"line":7,"column":0},"end":{"line":31,"column":null}},"2":{"start":{"line":12,"column":11},"end":{"line":12,"column":null}},"3":{"start":{"line":18,"column":11},"end":{"line":18,"column":null}},"4":{"start":{"line":25,"column":8},"end":{"line":25,"column":null}},"5":{"start":{"line":7,"column":6},"end":{"line":31,"column":null}},"6":{"start":{"line":33,"column":0},"end":{"line":33,"column":23}}},"fnMap":{},"branchMap":{},"s":{"0":3,"1":3,"2":3,"3":3,"4":3,"5":3,"6":3},"f":{},"b":{}}
,"C:\\Users\\omara\\OneDrive\\Escritorio\\typescript\\curso\\almacen\\server\\src\\routes\\ProductsRoutes.ts": {"path":"C:\\Users\\omara\\OneDrive\\Escritorio\\typescript\\curso\\almacen\\server\\src\\routes\\ProductsRoutes.ts","statementMap":{"0":{"start":{"line":1,"column":0},"end":{"line":1,"column":null}},"1":{"start":{"line":7,"column":4},"end":{"line":7,"column":54}},"2":{"start":{"line":8,"column":0},"end":{"line":8,"column":31}},"3":{"start":{"line":9,"column":0},"end":{"line":9,"column":67}},"4":{"start":{"line":10,"column":15},"end":{"line":10,"column":23}},"5":{"start":{"line":12,"column":0},"end":{"line":19,"column":20}},"6":{"start":{"line":15,"column":25},"end":{"line":15,"column":42}},"7":{"start":{"line":20,"column":0},"end":{"line":20,"column":29}},"8":{"start":{"line":21,"column":0},"end":{"line":24,"column":17}},"9":{"start":{"line":25,"column":0},"end":{"line":33,"column":19}},"10":{"start":{"line":28,"column":25},"end":{"line":28,"column":42}},"11":{"start":{"line":34,"column":0},"end":{"line":37,"column":19}},"12":{"start":{"line":41,"column":0},"end":{"line":41,"column":22}}},"fnMap":{"0":{"name":"(anonymous_0)","decl":{"start":{"line":15,"column":12},"end":{"line":15,"column":13}},"loc":{"start":{"line":15,"column":22},"end":{"line":15,"column":42}}},"1":{"name":"(anonymous_1)","decl":{"start":{"line":28,"column":12},"end":{"line":28,"column":13}},"loc":{"start":{"line":28,"column":22},"end":{"line":28,"column":42}}}},"branchMap":{},"s":{"0":2,"1":2,"2":2,"3":2,"4":2,"5":2,"6":6,"7":2,"8":2,"9":2,"10":5,"11":2,"12":2},"f":{"0":6,"1":5},"b":{}}
}
