TN:
SF:src\server.ts
FN:7,connect
FN:20,(anonymous_2)
FNF:2
FNH:2
FNDA:3,connect
FNDA:1,(anonymous_2)
DA:1,2
DA:2,2
DA:3,2
DA:4,2
DA:5,2
DA:7,2
DA:8,3
DA:9,3
DA:11,2
DA:14,1
DA:17,2
DA:18,2
DA:19,2
DA:20,2
DA:21,1
DA:24,2
LF:16
LH:16
BRF:0
BRH:0
end_of_record
TN:
SF:src\config\db.ts
FNF:0
FNH:0
DA:1,2
DA:2,2
DA:3,2
DA:4,2
DA:5,2
DA:9,2
LF:6
LH:6
BRF:0
BRH:0
end_of_record
TN:
SF:src\controllers\productsController.ts
FN:7,(anonymous_1)
FN:43,(anonymous_2)
FN:50,(anonymous_3)
FN:62,(anonymous_4)
FN:100,(anonymous_5)
FNF:5
FNH:5
FNDA:3,(anonymous_1)
FNDA:1,(anonymous_2)
FNDA:2,(anonymous_3)
FNDA:3,(anonymous_4)
FNDA:2,(anonymous_5)
DA:2,2
DA:7,2
DA:8,3
DA:10,3
DA:12,3
DA:15,3
DA:16,2
DA:17,2
DA:18,1
DA:19,1
DA:23,1
DA:26,1
DA:29,1
DA:36,1
DA:43,2
DA:44,1
DA:47,1
DA:50,2
DA:52,2
DA:53,2
DA:54,2
DA:55,1
DA:56,1
DA:58,1
DA:62,2
DA:63,3
DA:65,3
DA:68,3
DA:72,3
DA:75,3
DA:76,3
DA:77,1
DA:78,1
DA:82,2
DA:85,1
DA:88,1
DA:91,1
DA:93,1
DA:95,1
DA:100,2
DA:101,2
DA:103,2
DA:106,2
DA:108,2
DA:109,1
DA:110,1
DA:114,1
DA:115,1
DA:117,1
DA:119,0
DA:124,2
DA:125,2
DA:126,2
DA:127,2
DA:128,2
LF:55
LH:54
BRDA:17,0,0,1
BRDA:17,0,1,1
BRDA:54,1,0,1
BRDA:76,2,0,1
BRDA:108,3,0,1
BRF:5
BRH:5
end_of_record
TN:
SF:src\middleware\index.ts
FN:3,(anonymous_0)
FNF:1
FNH:1
FNDA:18,(anonymous_0)
DA:1,2
DA:3,2
DA:4,18
DA:5,18
DA:6,5
DA:7,5
DA:9,13
LF:7
LH:7
BRDA:5,0,0,5
BRF:1
BRH:1
end_of_record
TN:
SF:src\models\Products.ts
FNF:0
FNH:0
DA:1,3
DA:7,3
DA:12,3
DA:18,3
DA:25,3
DA:33,3
LF:6
LH:6
BRF:0
BRH:0
end_of_record
TN:
SF:src\routes\ProductsRoutes.ts
FN:15,(anonymous_0)
FN:28,(anonymous_1)
FNF:2
FNH:2
FNDA:6,(anonymous_0)
FNDA:5,(anonymous_1)
DA:1,2
DA:7,2
DA:8,2
DA:9,2
DA:10,2
DA:12,2
DA:15,6
DA:20,2
DA:21,2
DA:25,2
DA:28,5
DA:34,2
DA:41,2
LF:13
LH:13
BRF:0
BRH:0
end_of_record
